-------------------------------------------------------------------------------
Test set: com.csproject.hrm.HumanResourceManagementSystemApplicationTests
-------------------------------------------------------------------------------
Tests run: 1, Failures: 0, Errors: 1, Skipped: 0, Time elapsed: 35.269 s <<< FAILURE! - in com.csproject.hrm.HumanResourceManagementSystemApplicationTests
contextLoads  Time elapsed: 0.002 s  <<< ERROR!
java.lang.IllegalStateException: Failed to load ApplicationContext
Caused by: org.springframework.beans.factory.BeanCreationException: Error creating bean with name 'entityManagerFactory' defined in class path resource [org/springframework/boot/autoconfigure/orm/jpa/HibernateJpaConfiguration.class]: Invocation of init method failed; nested exception is javax.persistence.PersistenceException: [PersistenceUnit: default] Unable to build Hibernate SessionFactory; nested exception is org.hibernate.exception.JDBCConnectionException: Unable to open JDBC Connection for DDL execution
Caused by: javax.persistence.PersistenceException: [PersistenceUnit: default] Unable to build Hibernate SessionFactory; nested exception is org.hibernate.exception.JDBCConnectionException: Unable to open JDBC Connection for DDL execution
Caused by: org.hibernate.exception.JDBCConnectionException: Unable to open JDBC Connection for DDL execution
Caused by: java.sql.SQLNonTransientConnectionException: Could not create connection to database server.
Caused by: java.lang.RuntimeException: [cappro-hrmsystem:asia-southeast2:human-resource-management] Failed to update metadata for Cloud SQL instance.
Caused by: com.google.auth.oauth2.GoogleAuthException:
com.google.api.client.http.HttpResponseException: 400 Bad Request
POST https://oauth2.googleapis.com/token
{
  "error": "invalid_grant",
  "error_description": "Token has been expired or revoked."
}
Caused by: com.google.api.client.http.HttpResponseException:
400 Bad Request
POST https://oauth2.googleapis.com/token
{
  "error": "invalid_grant",
  "error_description": "Token has been expired or revoked."
}